# Namespace(base_learning_rate=0.1, batch_size=32, cudnn_workspace_limit_mb=64, db_type='lmdb', epoch_size=49984, file_store_path='/tmp', gpus='0', image_size=227, load_model_path=None, num_channels=3, num_epochs=1000000, num_gpus=1, num_labels=1000, num_shards=1, redis_host=None, redis_port=6379, run_id=None, save_model_name='resnet50_model', shard_id=0, test_data=None, train_data='/mnt/nas101/hiroki11x/ilsvrc12_train_lmdb', weight_decay=0.0001)
time_spent,cumulative_time_spent,input_count,cumulative_input_count,cumulative_batch_count,inputs_per_sec,accuracy,epoch,learning_rate,loss,test_accuracy
466.192424059,466.192466974,0,0,1561,0.0,0.0,0,0.10000000149,6.90369606018,-1
470.445582867,936.638030052,49984,49984,3123,106.2482077,0.0,1,0.10000000149,6.63431167603,-1
471.549313068,1408.18733907,49984,99968,4685,105.999518215,0.0,2,0.10000000149,6.62031078339,-1
470.597296,1878.78464103,49984,149952,6247,106.213954957,0.0,3,0.10000000149,6.50781154633,-1
471.444277048,2350.22892094,49984,199936,7809,106.023134511,0.0625,4,0.10000000149,5.88304328918,-1
471.710505009,2821.9394269,49984,249920,9371,105.963296279,0.03125,5,0.10000000149,5.95133161545,-1
471.53057003,3293.47000289,49984,299904,10933,106.003731628,0.0625,6,0.10000000149,5.62515068054,-1
471.288544893,3764.75854993,49984,349888,12495,106.058168699,0.03125,7,0.10000000149,5.75313520432,-1
473.832470894,4238.59102607,49984,399872,14057,105.488760417,0.0,8,0.10000000149,5.49841594696,-1
469.995223045,4708.58625007,49984,449856,15619,106.350017083,0.09375,9,0.10000000149,4.64211511612,-1
469.859959126,5178.44621706,49984,499840,17181,106.38063327,0.15625,10,0.10000000149,4.93064403534,-1
470.412366152,5648.85857987,49984,549824,18743,106.255710089,0.09375,11,0.10000000149,4.84245014191,-1
469.015283108,6117.8738749,49984,599808,20305,106.572220139,0.1875,12,0.10000000149,4.43649721146,-1
469.16793704,6587.04180884,49984,649792,21867,106.537544563,0.28125,13,0.10000000149,4.10432863235,-1
469.681341171,7056.72315598,49984,699776,23429,106.421089404,0.1875,14,0.10000000149,4.28176546097,-1
469.41864419,7526.14179993,49984,749760,24991,106.480644982,0.15625,15,0.10000000149,4.43240404129,-1
469.456969023,7995.59877086,49984,799744,26553,106.471952273,0.09375,16,0.10000000149,4.3828368187,-1
470.128961086,8465.72773504,49984,849728,28115,106.319763591,0.15625,17,0.10000000149,4.50223445892,-1
470.362287998,8936.0900259,49984,899712,29677,106.267022836,0.21875,18,0.10000000149,4.28690767288,-1
471.338201046,9407.42823195,49984,949696,31239,106.046995319,0.28125,19,0.10000000149,3.93055510521,-1
470.484879017,9877.91311502,49984,999680,32801,106.239333567,0.1875,20,0.10000000149,3.89059972763,-1
470.832624197,10348.745739,49984,1049664,34363,106.160867857,0.21875,21,0.10000000149,3.75776195526,-1
471.025720119,10819.7714639,49984,1099648,35925,106.11734745,0.125,22,0.10000000149,4.04902410507,-1
470.739624023,11290.5110939,49984,1149632,37487,106.18184119,0.3125,23,0.10000000149,3.69291639328,-1
471.340326071,11761.8514209,49984,1199616,39049,106.046517209,0.3125,24,0.10000000149,3.70704960823,-1
470.911777973,12232.763201,49984,1249600,40611,106.143023679,0.34375,25,0.10000000149,3.24958133698,-1
470.502766848,12703.2659791,49984,1299584,42173,106.235294502,0.28125,26,0.10000000149,3.18400335312,-1
470.603258133,13173.8692329,49984,1349568,43735,106.212609318,0.1875,27,0.10000000149,4.03898572922,-1
471.499612093,13645.368849,49984,1399552,45297,106.01069167,0.3125,28,0.10000000149,3.52340435982,-1
470.63065505,14115.999507,49984,1449536,46859,106.206426342,0.21875,29,0.0100000007078,4.0001206398,-1
471.450603962,14587.4501131,49984,1499520,48421,106.02171167,0.40625,30,0.0100000007078,3.02793431282,-1
471.153311014,15058.6034269,49984,1549504,49983,106.088610292,0.25,31,0.0100000007078,4.10926055908,-1
471.630499125,15530.2339289,49984,1599488,51545,105.981271552,0.28125,32,0.0100000007078,2.86676335335,-1
470.651726007,16000.8856568,49984,1649472,53107,106.201671508,0.3125,33,0.0100000007078,2.97652840614,-1
471.908070803,16472.7937329,49984,1699456,54669,105.918934412,0.34375,34,0.0100000007078,2.53639245033,-1
473.01158905,16945.8053238,49984,1749440,56231,105.671829522,0.40625,35,0.0100000007078,2.69370746613,-1
472.12323308,17417.9285579,49984,1799424,57793,105.870663627,0.4375,36,0.0100000007078,2.64340996742,-1
472.329428196,17890.257988,49984,1849408,59355,105.824445855,0.21875,37,0.0100000007078,3.62823319435,-1
472.059421062,18362.3174109,49984,1899392,60917,105.884975005,0.3125,38,0.0100000007078,3.03671646118,-1
471.387603998,18833.705019,49984,1949376,62479,106.035881249,0.59375,39,0.0100000007078,1.82977640629,-1
472.595778942,19306.3007989,49984,1999360,64041,105.764804146,0.40625,40,0.0100000007078,2.49360918999,-1
471.287444115,19777.588248,49984,2049344,65603,106.058416417,0.46875,41,0.0100000007078,2.68598151207,-1
470.558856964,20248.14711,49984,2099328,67165,106.222631367,0.375,42,0.0100000007078,2.60859870911,-1
472.115013123,20720.2621229,49984,2149312,68727,105.872506933,0.5625,43,0.0100000007078,2.38051462173,-1
471.842349052,21192.104475,49984,2199296,70289,105.933687598,0.34375,44,0.0100000007078,2.84985494614,-1
470.96270299,21663.0671809,49984,2249280,71851,106.131546474,0.53125,45,0.0100000007078,2.59575152397,-1
470.274790049,22133.3419769,49984,2299264,73413,106.286794567,0.375,46,0.0100000007078,2.68988132477,-1
470.335679054,22603.6776679,49984,2349248,74975,106.273034826,0.40625,47,0.0100000007078,2.57423019409,-1
470.287122011,23073.964782,49984,2399232,76537,106.284007494,0.53125,48,0.0100000007078,2.19813680649,-1
470.849130154,23544.8139169,49984,2449216,78099,106.157146311,0.5,49,0.0100000007078,2.34607577324,-1
470.224354982,24015.038271,49984,2499200,79661,106.298194618,0.40625,50,0.0100000007078,2.56396889687,-1
470.043203115,24485.0814779,49984,2549184,81223,106.339161313,0.625,51,0.0100000007078,1.73146247864,-1
471.196295023,24956.277777,49984,2599168,82785,106.078932555,0.46875,52,0.0100000007078,2.09853243828,-1
472.548630953,25428.826411,49984,2649152,84347,105.775356706,0.53125,53,0.0100000007078,2.39760661125,-1
471.415296793,25900.241715,49984,2699136,85909,106.029652283,0.5625,54,0.0100000007078,2.08211827278,-1
470.771118164,26371.0128419,49984,2749120,87471,106.174737726,0.34375,55,0.0100000007078,3.12502479553,-1
471.234878778,26842.2477179,49984,2799104,89033,106.070247027,0.4375,56,0.0100000007078,2.1476585865,-1
469.514033079,27311.7617509,49984,2849088,90595,106.459011826,0.46875,57,0.0100000007078,2.37696909904,-1
470.496016979,27782.2577729,49984,2899072,92157,106.236818583,0.5,58,0.0100000007078,2.49454212189,-1
470.725923061,28252.983706,49984,2949056,93719,106.184931722,0.40625,59,0.0010000000475,2.46548223495,-1
470.840477943,28723.824183,49984,2999040,95281,106.159097065,0.625,60,0.0010000000475,2.10981035233,-1
471.004788876,29194.8289719,49984,3049024,96843,106.122063258,0.53125,61,0.0010000000475,2.39277768135,-1
470.632512093,29665.461488,49984,3099008,98405,106.206007268,0.5625,62,0.0010000000475,2.15050363541,-1
469.335325956,30134.7968171,49984,3148992,99967,106.499547841,0.625,63,0.0010000000475,1.84358918667,-1
469.875730038,30604.672549,49984,3198976,101529,106.37706271,0.5625,64,0.0010000000475,1.9277780056,-1
471.132710934,31075.805263,49984,3248960,103091,106.093248972,0.5625,65,0.0010000000475,1.7740997076,-1
473.695821047,31549.501087,49984,3298944,104653,105.519191386,0.5625,66,0.0010000000475,1.80260372162,-1
471.669276953,32021.170368,49984,3348928,106215,105.972558406,0.40625,67,0.0010000000475,2.69261884689,-1
471.782328844,32492.952697,49984,3398912,107777,105.947164495,0.53125,68,0.0010000000475,2.30877661705,-1
471.062543869,32964.0152431,49984,3448896,109339,106.109052079,0.5625,69,0.0010000000475,2.13581252098,-1
470.933781862,33434.949028,49984,3498880,110901,106.138064257,0.65625,70,0.0010000000475,1.93255984783,-1
471.938414097,33906.8874469,49984,3548864,112463,105.912124351,0.40625,71,0.0010000000475,2.38694119453,-1
471.44831109,34378.3357599,49984,3598848,114025,106.022227303,0.65625,72,0.0010000000475,1.5285179615,-1
472.810737133,34851.1464989,49984,3648832,115587,105.716719343,0.53125,73,0.0010000000475,1.75546514988,-1
471.405308008,35322.5518119,49984,3698816,117149,106.031898986,0.5,74,0.0010000000475,2.07084989548,-1
471.448719025,35794.0005319,49984,3748800,118711,106.022135564,0.4375,75,0.0010000000475,2.13929724693,-1
470.649119139,36264.649658,49984,3798784,120273,106.202259746,0.5,76,0.0010000000475,2.12868523598,-1
471.259101152,36735.9087589,49984,3848768,121835,106.064795094,0.59375,77,0.0010000000475,1.81662583351,-1
471.256917953,37207.165679,49984,3898752,123397,106.065286462,0.5,78,0.0010000000475,2.06989908218,-1
472.307657957,37679.4733469,49984,3948736,124959,105.829323658,0.625,79,0.0010000000475,1.70273923874,-1
471.657124996,38151.1304679,49984,3998720,126521,105.975288724,0.65625,80,0.0010000000475,1.48939335346,-1
470.408092976,38621.5385649,49984,4048704,128083,106.256675313,0.625,81,0.0010000000475,1.47519087791,-1
470.661731005,39092.200299,49984,4098688,129645,106.199413947,0.6875,82,0.0010000000475,1.40617871284,-1
472.293533802,39564.493835,49984,4148672,131207,105.832488532,0.75,83,0.0010000000475,1.21407842636,-1
472.099611998,40036.5934498,49984,4198656,132769,105.875960771,0.59375,84,0.0010000000475,1.95240700245,-1
471.812245846,40508.4057,49984,4248640,134331,105.940446523,0.5,85,0.0010000000475,1.61798346043,-1
472.176118851,40980.58183,49984,4298624,135893,105.858805654,0.625,86,0.0010000000475,2.10646176338,-1
473.647922039,41454.229749,49984,4348608,137455,105.529862318,0.46875,87,0.0010000000475,2.4858777523,-1
473.34514904,41927.5749009,49984,4398592,139017,105.597363998,0.65625,88,0.0010000000475,1.87772893906,-1
471.827629089,42399.4025319,49984,4448576,140579,105.936992491,0.375,89,0.00010000000475,2.218998909,-1
471.985463142,42871.388,49984,4498560,142141,105.901566686,0.625,90,0.00010000000475,1.87351191044,-1
471.66014719,43343.0481489,49984,4548544,143703,105.97460968,0.5625,91,0.00010000000475,2.24612498283,-1
473.725947142,43816.7741001,49984,4598528,145265,105.512481006,0.53125,92,0.00010000000475,2.16209721565,-1
472.39230299,44289.166404,49984,4648512,146827,105.810360761,0.59375,93,0.00010000000475,2.28799080849,-1
473.138287067,44762.3046939,49984,4698496,148389,105.643532486,0.53125,94,0.00010000000475,2.07617235184,-1
472.773276091,45235.0779729,49984,4748480,149951,105.725095998,0.6875,95,0.00010000000475,1.51058745384,-1
472.37902689,45707.457,49984,4798464,151513,105.813334536,0.5,96,0.00010000000475,2.04753255844,-1
472.316704988,46179.7737079,49984,4848448,153075,105.827296541,0.59375,97,0.00010000000475,1.55331742764,-1
473.150449038,46652.924159,49984,4898432,154637,105.640816999,0.65625,98,0.00010000000475,1.64418184757,-1
473.832265139,47126.756427,49984,4948416,156199,105.488806224,0.625,99,0.00010000000475,1.80173528194,-1
475.236736059,47601.993165,49984,4998400,157761,105.177054313,0.59375,100,0.00010000000475,1.82266151905,-1
475.063397884,48077.056565,49984,5048384,159323,105.215430662,0.6875,101,0.00010000000475,1.51098203659,-1
475.73509717,48552.791666,49984,5098368,160885,105.066875026,0.6875,102,0.00010000000475,1.26725256443,-1
474.11805892,49026.9097359,49984,5148352,162447,105.425218592,0.5625,103,0.00010000000475,1.90068149567,-1
474.698637962,49501.6083779,49984,5198336,164009,105.296278529,0.65625,104,0.00010000000475,1.45313048363,-1
475.441921949,49977.050303,49984,5248320,165571,105.13166318,0.53125,105,0.00010000000475,2.00889158249,-1
474.558197975,50451.6085019,49984,5298304,167133,105.327439739,0.625,106,0.00010000000475,2.0353937149,-1
475.193313837,50926.801815,49984,5348288,168695,105.186665183,0.625,107,0.00010000000475,1.44986891747,-1
474.945112944,51401.7469299,49984,5398272,170257,105.241634534,0.5625,108,0.00010000000475,1.85178244114,-1
473.390262127,51875.1371949,49984,5448256,171819,105.587300794,0.75,109,0.00010000000475,1.29980385303,-1
474.437958002,52349.575156,49984,5498240,173381,105.354133574,0.59375,110,0.00010000000475,1.69466876984,-1
475.206547022,52824.7817049,49984,5548224,174943,105.183736026,0.75,111,0.00010000000475,1.17472457886,-1
474.473484993,53299.255192,49984,5598208,176505,105.346245008,0.5625,112,0.00010000000475,1.55157840252,-1
475.683305979,53774.9385059,49984,5648192,178067,105.078314441,0.59375,113,0.00010000000475,2.06566238403,-1
474.603844881,54249.542351,49984,5698176,179629,105.317309455,0.625,114,0.00010000000475,1.28190159798,-1
475.90128088,54725.443635,49984,5748160,181191,105.030185898,0.5,115,0.00010000000475,2.04841208458,-1
476.598096848,55202.0417368,49984,5798144,182753,104.876625254,0.4375,116,0.00010000000475,2.24470376968,-1
475.699455976,55677.7411931,49984,5848128,184315,105.074747032,0.59375,117,0.00010000000475,1.61424350739,-1
474.393215895,56152.1344159,49984,5898112,185877,105.364069985,0.46875,118,0.00010000000475,2.38285636902,-1
475.744973898,56627.8793919,49984,5948096,187439,105.06469378,0.5625,119,1.00000006569e-05,2.18922376633,-1
474.842674017,57102.7220659,49984,5998080,189001,105.264338559,0.625,120,1.00000006569e-05,1.35190534592,-1
475.363415956,57578.0854859,49984,6048064,190563,105.149025613,0.46875,121,1.00000006569e-05,2.69805836678,-1
475.815106869,58053.900599,49984,6098048,192125,105.049207725,0.6875,122,1.00000006569e-05,1.19500601292,-1
566.244009018,58620.1446071,49984,6148032,193687,88.2728986161,0.59375,123,1.00000006569e-05,1.96200656891,-1
896.803398848,59516.94801,49984,6198016,195249,55.7357388077,0.625,124,1.00000006569e-05,1.65143656731,-1
475.231936932,59992.179949,49984,6248000,196811,105.178116443,0.59375,125,1.00000006569e-05,1.65153682232,-1
475.357072115,60467.5370309,49984,6297984,198373,105.150428872,0.53125,126,1.00000006569e-05,1.9502620697,-1
476.312153101,60943.849184,49984,6347968,199935,104.939585678,0.65625,127,1.00000006569e-05,1.73582112789,-1
475.713696003,61419.5628829,49984,6397952,201497,105.071601722,0.5,128,1.00000006569e-05,1.8000587225,-1
475.856662035,61895.419544,49984,6447936,203059,105.040034086,0.65625,129,1.00000006569e-05,1.51300871372,-1
476.060853958,62371.480402,49984,6497920,204621,104.994980336,0.59375,130,1.00000006569e-05,1.83711075783,-1
476.497533083,62847.9779389,49984,6547904,206183,104.898759237,0.59375,131,1.00000006569e-05,1.67151248455,-1
476.35939002,63324.337332,49984,6597888,207745,104.929179622,0.65625,132,1.00000006569e-05,1.32002413273,-1
476.424942017,63800.7622769,49984,6647872,209307,104.914742264,0.6875,133,1.00000006569e-05,1.47725260258,-1
476.454185009,64277.216465,49984,6697856,210869,104.908302986,0.53125,134,1.00000006569e-05,1.87951898575,-1
476.207139015,64753.423605,49984,6747840,212431,104.962727151,0.78125,135,1.00000006569e-05,1.204382658,-1
