Required modules imported.
Config set!
Functions set.
mean was set to:  128
INIT_NET =  /home/pi/models/bvlc_googlenet/init_net.pb
PREDICT_NET =  /home/pi/models/bvlc_googlenet/predict_net.pb
Found  /home/pi/models/bvlc_googlenet/init_net.pb ...Now looking for /home/pi/models/bvlc_googlenet/predict_net.pb
All needed files found! Loading the model in the next block.
Original image shape:(720, 960, 3) and remember it should be in H, W, C!
Model's input shape is 227x227
Orginal aspect ratio: 1.33333333333
New image shape:(227, 302, 3) in HWC
After crop:  (227, 227, 3)
NCHW:  (1, 3, 227, 227)
results shape:  (1, 1, 1000)
Raw top 5 results: [array([587.0, 0.4771081507205963], dtype=object), array([596.0, 0.14152751863002777], dtype=object), array([792.0, 0.12384411692619324], dtype=object), array([816.0, 0.03190300613641739], dtype=object), array([840.0, 0.028166096657514572], dtype=object)]
bvlc_googlenet 1st infers that the image contains  hammer with a  47.7108150721 % probability
bvlc_googlenet 2nd infers that the image contains  hatchet with a  14.152751863 % probability
bvlc_googlenet 3rd infers that the image contains  shovel with a  12.3844116926 % probability
bvlc_googlenet 4th infers that the image contains  spindle with a  3.19030061364 % probability
bvlc_googlenet 5th infers that the image contains  swab, swob, mop with a  2.81660966575 % probability
inference time: 2.78210401535(sec)
processing time: 5.0779569149(sec)
